<?xml version="1.0" encoding="UTF-8"?>
<testng-results ignored="0" total="1" passed="1" failed="0" skipped="0">
  <reporter-output>
  </reporter-output>
  <suite started-at="2023-03-16T01:50:39 IST" name="Default suite" finished-at="2023-03-16T01:50:42 IST" duration-ms="2951">
    <groups>
    </groups>
    <test started-at="2023-03-16T01:50:39 IST" name="Default test" finished-at="2023-03-16T01:50:42 IST" duration-ms="2951">
      <class name="tests.GetResourceList">
        <test-method is-config="true" signature="init()[pri:0, instance:tests.GetResourceList@272ed83b]" started-at="2023-03-16T01:50:39 IST" name="init" finished-at="2023-03-16T01:50:40 IST" duration-ms="648" status="PASS">
          <reporter-output>
          </reporter-output>
        </test-method> <!-- init -->
        <test-method signature="getResourceListTest()[pri:0, instance:tests.GetResourceList@272ed83b]" started-at="2023-03-16T01:50:40 IST" name="getResourceListTest" finished-at="2023-03-16T01:50:42 IST" duration-ms="2260" status="PASS">
          <reporter-output>
          </reporter-output>
        </test-method> <!-- getResourceListTest -->
      </class> <!-- tests.GetResourceList -->
    </test> <!-- Default test -->
  </suite> <!-- Default suite -->
</testng-results>
